#
# A fatal error has been detected by the Java Runtime Environment:
#
#  EXCEPTION_ACCESS_VIOLATION (0xc0000005) at pc=0x0000000002678775, pid=9416, tid=9048
#
# JRE version: Java(TM) SE Runtime Environment (8.0_60-b25) (build 1.8.0_60-ea-b25)
# Java VM: Java HotSpot(TM) 64-Bit Server VM (25.60-b23 mixed mode windows-amd64 compressed oops)
# Problematic frame:
# V  [jvm.dll+0x128775]
#
# Failed to write core dump. Minidumps are not enabled by default on client versions of Windows
#
# If you would like to submit a bug report, please visit:
#   http://bugreport.java.com/bugreport/crash.jsp
#

---------------  T H R E A D  ---------------

Current thread (0x000000000986b800):  JavaThread "JDWP Transport Listener: dt_socket" daemon [_thread_in_vm, id=9048, stack(0x000000000c050000,0x000000000c150000)]

siginfo: ExceptionCode=0xc0000005, reading address 0xffffffffffffffff

Registers:
RAX=0x000000000c14f601, RBX=0x000000000986b800, RCX=0x56293b72656d7573, RDX=0x0000000000000000
RSP=0x000000000c14f660, RBP=0x56293b72656d7573, RSI=0x000000000c14f778, RDI=0x0000000002549a40
R8 =0x000000000986b800, R9 =0x000000000000ff00, R10=0x0000000000000000, R11=0x0000003d001a001c
R12=0x0000000000000000, R13=0x000000000986ff78, R14=0x0000000000000000, R15=0x0000000000000000
RIP=0x0000000002678775, EFLAGS=0x0000000000010202

Top of Stack: (sp=0x000000000c14f660)
0x000000000c14f660:   000000000986b800 000000000986b800
0x000000000c14f670:   000000000c14f728 000000000287e0fb
0x000000000c14f680:   000000000986b800 000000000289a95d
0x000000000c14f690:   0000000000000000 0000000069ab9155
0x000000000c14f6a0:   000000000a8f28f0 0000000069ac291e
0x000000000c14f6b0:   000000000986b800 0000000000000000
0x000000000c14f6c0:   0000000000000000 0000000000000000
0x000000000c14f6d0:   56293b72656d7573 0000000069ac1a15
0x000000000c14f6e0:   000000000c14f778 000000000c14f750
0x000000000c14f6f0:   0000000000000001 000000000a8f28f0
0x000000000c14f700:   56293b72656d7573 0000000069aa53b3
0x000000000c14f710:   000000000c14f840 0000000000000001
0x000000000c14f720:   0000000000000001 000000000a8f28f0
0x000000000c14f730:   000000000000000a 0000000000000000
0x000000000c14f740:   0000000000000000 0000000000000000
0x000000000c14f750:   0000000000000001 0000000069aa5571 

Instructions: (pc=0x0000000002678775)
0x0000000002678755:   cc cc cc cc cc cc cc cc cc cc cc 48 83 ec 28 48
0x0000000002678765:   85 c9 75 07 33 c0 48 83 c4 28 c3 48 89 5c 24 20
0x0000000002678775:   48 8b 19 48 85 db 74 20 48 83 fb 37 74 1a 48 8b
0x0000000002678785:   13 48 8b cb ff 52 10 84 c0 74 0d 48 8b c3 48 8b 


Register to memory mapping:

RAX=0x000000000c14f601 is pointing into the stack for thread: 0x000000000986b800
RBX=0x000000000986b800 is a thread
RCX=0x56293b72656d7573 is an unknown value
RDX=0x0000000000000000 is an unknown value
RSP=0x000000000c14f660 is pointing into the stack for thread: 0x000000000986b800
RBP=0x56293b72656d7573 is an unknown value
RSI=0x000000000c14f778 is pointing into the stack for thread: 0x000000000986b800
RDI=0x0000000002549a40 is an unknown value
R8 =0x000000000986b800 is a thread
R9 =0x000000000000ff00 is an unknown value
R10=0x0000000000000000 is an unknown value
R11=0x0000003d001a001c is an unknown value
R12=0x0000000000000000 is an unknown value
R13=0x000000000986ff78 is an unknown value
R14=0x0000000000000000 is an unknown value
R15=0x0000000000000000 is an unknown value


Stack: [0x000000000c050000,0x000000000c150000],  sp=0x000000000c14f660,  free space=1021k
Native frames: (J=compiled Java code, j=interpreted, Vv=VM code, C=native code)
V  [jvm.dll+0x128775]
V  [jvm.dll+0x34a95d]
C  [jdwp.dll+0x21a15]
C  [jdwp.dll+0x53b3]
C  [jdwp.dll+0x5571]
C  [jdwp.dll+0xf0a8]
C  [jdwp.dll+0x1f2d5]
C  [jdwp.dll+0x1f4aa]
V  [jvm.dll+0x1bb868]
V  [jvm.dll+0x242f44]
V  [jvm.dll+0x299eda]
C  [msvcr100.dll+0x21d9f]
C  [msvcr100.dll+0x21e3b]
C  [kernel32.dll+0x15a4d]
C  [ntdll.dll+0x2b831]


---------------  P R O C E S S  ---------------

Java Threads: ( => current thread )
  0x000000000a8d7000 JavaThread "Service Thread" daemon [_thread_blocked, id=10204, stack(0x000000000c7b0000,0x000000000c8b0000)]
  0x000000000a836800 JavaThread "C1 CompilerThread3" daemon [_thread_blocked, id=7292, stack(0x000000000cb20000,0x000000000cc20000)]
  0x000000000a836000 JavaThread "C2 CompilerThread2" daemon [_thread_blocked, id=9808, stack(0x000000000c8c0000,0x000000000c9c0000)]
  0x000000000a835000 JavaThread "C2 CompilerThread1" daemon [_thread_blocked, id=5188, stack(0x000000000c6a0000,0x000000000c7a0000)]
  0x000000000a838800 JavaThread "C2 CompilerThread0" daemon [_thread_blocked, id=4052, stack(0x000000000c520000,0x000000000c620000)]
  0x000000000a820800 JavaThread "JDWP Command Reader" daemon [_thread_in_native, id=9644, stack(0x000000000c3d0000,0x000000000c4d0000)]
  0x000000000a81b800 JavaThread "JDWP Event Helper Thread" daemon [_thread_blocked, id=9988, stack(0x000000000c1d0000,0x000000000c2d0000)]
=>0x000000000986b800 JavaThread "JDWP Transport Listener: dt_socket" daemon [_thread_in_vm, id=9048, stack(0x000000000c050000,0x000000000c150000)]
  0x000000000a80b000 JavaThread "Attach Listener" daemon [_thread_blocked, id=9896, stack(0x000000000bee0000,0x000000000bfe0000)]
  0x000000000a809800 JavaThread "Signal Dispatcher" daemon [_thread_blocked, id=4856, stack(0x000000000bd50000,0x000000000be50000)]
  0x000000000985e800 JavaThread "Finalizer" daemon [_thread_blocked, id=9624, stack(0x000000000bbe0000,0x000000000bce0000)]
  0x0000000009857800 JavaThread "Reference Handler" daemon [_thread_blocked, id=8932, stack(0x000000000ba10000,0x000000000bb10000)]
  0x000000000254f000 JavaThread "main" [_thread_blocked, id=6560, stack(0x0000000002df0000,0x0000000002ef0000)]

Other Threads:
  0x000000000a7b2800 VMThread [stack: 0x000000000b8c0000,0x000000000b9c0000] [id=9020]
  0x000000000a8e5800 WatcherThread [stack: 0x000000000c9c0000,0x000000000cac0000] [id=6424]

VM state:not at safepoint (normal execution)

VM Mutex/Monitor currently owned by a thread: None

Heap:
 PSYoungGen      total 38400K, used 3328K [0x00000000d5d00000, 0x00000000d8780000, 0x0000000100000000)
  eden space 33280K, 10% used [0x00000000d5d00000,0x00000000d60400d0,0x00000000d7d80000)
  from space 5120K, 0% used [0x00000000d8280000,0x00000000d8280000,0x00000000d8780000)
  to   space 5120K, 0% used [0x00000000d7d80000,0x00000000d7d80000,0x00000000d8280000)
 ParOldGen       total 87552K, used 0K [0x0000000081600000, 0x0000000086b80000, 0x00000000d5d00000)
  object space 87552K, 0% used [0x0000000081600000,0x0000000081600000,0x0000000086b80000)
 Metaspace       used 3580K, capacity 4548K, committed 4864K, reserved 1056768K
  class space    used 405K, capacity 428K, committed 512K, reserved 1048576K

Card table byte_map: [0x0000000003660000,0x0000000003a60000] byte_map_base: 0x0000000003255000

Marking Bits: (ParMarkBitMap*) 0x0000000002d5a5b0
 Begin Bits: [0x0000000004b20000, 0x0000000006ac8000)
 End Bits:   [0x0000000006ac8000, 0x0000000008a70000)

Polling page: 0x0000000000440000

CodeCache: size=245760Kb used=1203Kb max_used=1209Kb free=244556Kb
 bounds [0x000000000f010000, 0x000000000f280000, 0x000000001e010000]
 total_blobs=316 nmethods=79 adapters=158
 compilation: enabled

Compilation events (10 events):
Event: 0.170 Thread 0x000000000a836800   76       3       java.util.concurrent.ConcurrentHashMap::spread (10 bytes)
Event: 0.170 Thread 0x000000000a836800 nmethod 76 0x000000000f13a510 code [0x000000000f13a660, 0x000000000f13a7b0]
Event: 0.171 Thread 0x000000000a835000 nmethod 71 0x000000000f13e250 code [0x000000000f13e3a0, 0x000000000f13e578]
Event: 0.172 Thread 0x000000000a836000 nmethod 74 0x000000000f13e690 code [0x000000000f13e7c0, 0x000000000f13e938]
Event: 15.319 Thread 0x000000000a836800   77       3       java.util.ArrayList::add (29 bytes)
Event: 15.320 Thread 0x000000000a836800 nmethod 77 0x000000000f13d750 code [0x000000000f13d8e0, 0x000000000f13dde8]
Event: 15.320 Thread 0x000000000a836800   78       3       java.util.ArrayList::ensureCapacityInternal (23 bytes)
Event: 15.320 Thread 0x000000000a836800 nmethod 78 0x000000000f13d110 code [0x000000000f13d2a0, 0x000000000f13d5e8]
Event: 25.810 Thread 0x000000000a836800   79       3       java.lang.StringBuilder::toString (17 bytes)
Event: 25.811 Thread 0x000000000a836800 nmethod 79 0x000000000f13cd10 code [0x000000000f13ce80, 0x000000000f13d068]

GC Heap History (0 events):
No events

Deoptimization events (0 events):
No events

Internal exceptions (6 events):
Event: 0.034 Thread 0x000000000254f000 Exception <a 'java/lang/NoSuchMethodError': Method sun.misc.Unsafe.defineClass(Ljava/lang/String;[BII)Ljava/lang/Class; name or signature does not match> (0x00000000d5d12d50) thrown at [C:\re\workspace\8-2-build-windows-amd64-cygwin\jdk8u60\4296.nc\hotspotèL√˛ê±°?
Event: 0.035 Thread 0x000000000254f000 Exception <a 'java/lang/NoSuchMethodError': Method sun.misc.Unsafe.prefetchRead(Ljava/lang/Object;J)V name or signature does not match> (0x00000000d5d13038) thrown at [C:\re\workspace\8-2-build-windows-amd64-cygwin\jdk8u60\4296.nc\hotspot\src\share\vm\primÙÙüÇ€√?
Event: 0.155 Thread 0x000000000254f000 Exception <a 'java/security/PrivilegedActionException'> (0x00000000d5fb0cb8) thrown at [C:\re\workspace\8-2-build-windows-amd64-cygwin\jdk8u60\4296.nc\hotspot\src\share\vm\prims\jvm.cpp, line 1386]
Event: 0.155 Thread 0x000000000254f000 Exception <a 'java/security/PrivilegedActionException'> (0x00000000d5fb10b0) thrown at [C:\re\workspace\8-2-build-windows-amd64-cygwin\jdk8u60\4296.nc\hotspot\src\share\vm\prims\jvm.cpp, line 1386]
Event: 0.156 Thread 0x000000000254f000 Exception <a 'java/security/PrivilegedActionException'> (0x00000000d5fb50e0) thrown at [C:\re\workspace\8-2-build-windows-amd64-cygwin\jdk8u60\4296.nc\hotspot\src\share\vm\prims\jvm.cpp, line 1386]
Event: 0.156 Thread 0x000000000254f000 Exception <a 'java/security/PrivilegedActionException'> (0x00000000d5fb54d8) thrown at [C:\re\workspace\8-2-build-windows-amd64-cygwin\jdk8u60\4296.nc\hotspot\src\share\vm\prims\jvm.cpp, line 1386]

Events (10 events):
Event: 452.838 Executing VM operation: GetOrSetLocal
Event: 452.838 Executing VM operation: GetOrSetLocal done
Event: 452.838 Executing VM operation: GetOrSetLocal
Event: 452.839 Executing VM operation: GetOrSetLocal done
Event: 452.839 Executing VM operation: GetOrSetLocal
Event: 452.839 Executing VM operation: GetOrSetLocal done
Event: 459.600 Executing VM operation: ChangeBreakpoints
Event: 459.600 Executing VM operation: ChangeBreakpoints done
Event: 459.611 Executing VM operation: RedefineClasses
Event: 459.611 Executing VM operation: RedefineClasses done


Dynamic libraries:
0x000000013fa90000 - 0x000000013fac7000 	C:\Program Files\Java\jdk1.8.0_60\bin\java.exe
0x00000000778c0000 - 0x0000000077a69000 	C:\Windows\SYSTEM32\ntdll.dll
0x00000000777a0000 - 0x00000000778bf000 	C:\Windows\system32\kernel32.dll
0x000007fefd700000 - 0x000007fefd76c000 	C:\Windows\system32\KERNELBASE.dll
0x000007feff8f0000 - 0x000007feff9cb000 	C:\Windows\system32\ADVAPI32.dll
0x000007fefdc20000 - 0x000007fefdcbf000 	C:\Windows\system32\msvcrt.dll
0x000007fefe130000 - 0x000007fefe14f000 	C:\Windows\SYSTEM32\sechost.dll
0x000007feff9d0000 - 0x000007feffafd000 	C:\Windows\system32\RPCRT4.dll
0x00000000776a0000 - 0x000000007779a000 	C:\Windows\system32\USER32.dll
0x000007feff880000 - 0x000007feff8e7000 	C:\Windows\system32\GDI32.dll
0x000007fefda30000 - 0x000007fefda3e000 	C:\Windows\system32\LPK.dll
0x000007fefe2c0000 - 0x000007fefe389000 	C:\Windows\system32\USP10.dll
0x000007fefbb30000 - 0x000007fefbd24000 	C:\Windows\WinSxS\amd64_microsoft.windows.common-controls_6595b64144ccf1df_6.0.7601.18837_none_fa3b1e3d17594757\COMCTL32.dll
0x000007feff650000 - 0x000007feff6c1000 	C:\Windows\system32\SHLWAPI.dll
0x000007feff6d0000 - 0x000007feff6fe000 	C:\Windows\system32\IMM32.DLL
0x000007fefe1b0000 - 0x000007fefe2b9000 	C:\Windows\system32\MSCTF.dll
0x000007fefd5a0000 - 0x000007fefd5dc000 	C:\Windows\system32\nvinitx.dll
0x000000000f000000 - 0x000000000f006000 	C:\Program Files\NVIDIA Corporation\CoProcManager\_etoured.dll
0x000007fef9d20000 - 0x000007fef9d64000 	C:\Program Files\NVIDIA Corporation\CoProcManager\nvd3d9wrapx.dll
0x000007fefda40000 - 0x000007fefdc17000 	C:\Windows\system32\SETUPAPI.dll
0x000007fefd6a0000 - 0x000007fefd6d6000 	C:\Windows\system32\CFGMGR32.dll
0x000007feff700000 - 0x000007feff7d7000 	C:\Windows\system32\OLEAUT32.dll
0x000007fefdf20000 - 0x000007fefe123000 	C:\Windows\system32\ole32.dll
0x000007fefd820000 - 0x000007fefd83a000 	C:\Windows\system32\DEVOBJ.dll
0x000007fef9c30000 - 0x000007fef9c72000 	C:\Program Files\NVIDIA Corporation\CoProcManager\nvdxgiwrapx.dll
0x0000000069b70000 - 0x0000000069c42000 	C:\Program Files\Java\jdk1.8.0_60\jre\bin\msvcr100.dll
0x0000000002550000 - 0x0000000002dd9000 	C:\Program Files\Java\jdk1.8.0_60\jre\bin\server\jvm.dll
0x000007fefa660000 - 0x000007fefa669000 	C:\Windows\system32\WSOCK32.dll
0x000007feff3f0000 - 0x000007feff43d000 	C:\Windows\system32\WS2_32.dll
0x000007feffbc0000 - 0x000007feffbc8000 	C:\Windows\system32\NSI.dll
0x000007fefa9e0000 - 0x000007fefaa1b000 	C:\Windows\system32\WINMM.dll
0x000007fefc700000 - 0x000007fefc70c000 	C:\Windows\system32\VERSION.dll
0x0000000077a90000 - 0x0000000077a97000 	C:\Windows\system32\PSAPI.DLL
0x0000000069e30000 - 0x0000000069e3f000 	C:\Program Files\Java\jdk1.8.0_60\jre\bin\verify.dll
0x0000000069b40000 - 0x0000000069b69000 	C:\Program Files\Java\jdk1.8.0_60\jre\bin\java.dll
0x0000000069aa0000 - 0x0000000069ad5000 	C:\Program Files\Java\jdk1.8.0_60\jre\bin\jdwp.dll
0x000000006eb60000 - 0x000000006eb68000 	C:\Program Files\Java\jdk1.8.0_60\jre\bin\npt.dll
0x0000000069b20000 - 0x0000000069b36000 	C:\Program Files\Java\jdk1.8.0_60\jre\bin\zip.dll
0x000007fefe660000 - 0x000007feff3e9000 	C:\Windows\system32\SHELL32.dll
0x000007fefd670000 - 0x000007fefd67f000 	C:\Windows\system32\profapi.dll
0x0000000069e20000 - 0x0000000069e29000 	C:\Program Files\Java\jdk1.8.0_60\jre\bin\dt_socket.dll
0x000007fefce10000 - 0x000007fefce65000 	C:\Windows\system32\mswsock.dll
0x000007fefc7d0000 - 0x000007fefc7d7000 	C:\Windows\System32\wshtcpip.dll
0x000007fef8b10000 - 0x000007fef8c35000 	C:\Windows\system32\dbghelp.dll

VM Arguments:
jvm_args: -agentlib:jdwp=transport=dt_socket,address=127.0.0.1:57501,suspend=y,server=n -Dfile.encoding=windows-1251 
java_command: cards.MagicCardEB
java_class_path (initial): C:\Program Files\Java\jdk1.8.0_60\jre\lib\charsets.jar;C:\Program Files\Java\jdk1.8.0_60\jre\lib\deploy.jar;C:\Program Files\Java\jdk1.8.0_60\jre\lib\javaws.jar;C:\Program Files\Java\jdk1.8.0_60\jre\lib\jce.jar;C:\Program Files\Java\jdk1.8.0_60\jre\lib\jfr.jar;C:\Program Files\Java\jdk1.8.0_60\jre\lib\jfxswt.jar;C:\Program Files\Java\jdk1.8.0_60\jre\lib\jsse.jar;C:\Program Files\Java\jdk1.8.0_60\jre\lib\management-agent.jar;C:\Program Files\Java\jdk1.8.0_60\jre\lib\plugin.jar;C:\Program Files\Java\jdk1.8.0_60\jre\lib\resources.jar;C:\Program Files\Java\jdk1.8.0_60\jre\lib\rt.jar;C:\Program Files\Java\jdk1.8.0_60\jre\lib\ext\access-bridge-64.jar;C:\Program Files\Java\jdk1.8.0_60\jre\lib\ext\cldrdata.jar;C:\Program Files\Java\jdk1.8.0_60\jre\lib\ext\dnsns.jar;C:\Program Files\Java\jdk1.8.0_60\jre\lib\ext\jaccess.jar;C:\Program Files\Java\jdk1.8.0_60\jre\lib\ext\jfxrt.jar;C:\Program Files\Java\jdk1.8.0_60\jre\lib\ext\localedata.jar;C:\Program Files\Java\jdk1.8.0_60\jre\lib\ext\nashorn.jar;C:\Program Files\Java\jdk1.8.0_60\jre\lib\ext\sunec.jar;C:\Program Files\Java\jdk1.8.0_60\jre\lib\ext\sunjce_provider.jar;C:\Program Files\Java\jdk1.8.0_60\jre\lib\ext\sunmscapi.jar;C:\Program Files\Java\jdk1.8.0_60\jre\lib\ext\sunpkcs11.jar;C:\Program Files\Java\jdk1.8.0_60\jre\lib\ext\zipfs.jar;C:\Users\Elena\IdeaProjects\ExamPreparation\out\production\ExamPreparation;C:\Program Files (x86)\JetBrains\IntelliJ IDEA Community Edition 14.1.4\lib\idea_rt.jar
Launcher Type: SUN_STANDARD

Environment Variables:
CLASSPATH=C:\Program Files\Java\jdk1.8.0_60\lib
PATH=C:\Windows\system32\config\systemprofile\.dnx\bin;C:\Program Files\Microsoft DNX\Dnvm\;C:\Program Files\TortoiseGit\bin;C:\Program Files\Java\jdk1.8.0_60\bin
USERNAME=Elena
OS=Windows_NT
PROCESSOR_IDENTIFIER=Intel64 Family 6 Model 42 Stepping 7, GenuineIntel



---------------  S Y S T E M  ---------------

OS: Windows 7 , 64 bit Build 7601 (6.1.7601.18933)

CPU:total 8 (4 cores per cpu, 2 threads per core) family 6 model 42 stepping 7, cmov, cx8, fxsr, mmx, sse, sse2, sse3, ssse3, sse4.1, sse4.2, popcnt, avx, aes, clmul, ht, tsc, tscinvbit

Memory: 4k page, physical 8292400k(2967044k free), swap 16582960k(8976640k free)

vm_info: Java HotSpot(TM) 64-Bit Server VM (25.60-b23) for windows-amd64 JRE (1.8.0_60-ea-b25), built on Jul 21 2015 17:23:05 by "java_re" with MS VC++ 10.0 (VS2010)

time: Wed Sep 23 00:24:53 2015
elapsed time: 459 seconds (0d 0h 7m 39s)

